<?xml version="1.0" encoding="UTF-8"?>
<testsuite xmlns:xsi="http://www.w3.org/2001/XMLSchema-instance" xsi:noNamespaceSchemaLocation="https://maven.apache.org/surefire/maven-surefire-plugin/xsd/surefire-test-report.xsd" name="TestSuite" time="47.898" tests="1" errors="0" skipped="0" failures="1">
  <properties>
[...]
</properties>
  <testcase name="authenticationSuccess" classname="com.telesens.rozetka.RozetkaTests" time="36.431">
    <failure message="expected [РІРѕР№РґРёС‚Рµ РІ Р»РёС‡РЅС‹Р№ РєР°Р±РёРЅРµС‚] but found [войдите в личный кабинет]" type="java.lang.AssertionError">java.lang.AssertionError: expected [РІРѕР№РґРёС‚Рµ РІ Р»РёС‡РЅС‹Р№ РєР°Р±РёРЅРµС‚] but found [войдите в личный кабинет]
	at com.telesens.rozetka.RozetkaTests.authenticationSuccess(RozetkaTests.java:83)
</failure>
    <system-out><![CDATA[[INFO ] 2019-10-06 19:54:23.429 [main] BaseTest:58-Start test authenticationSuccess with parameters [koleox24@gmail.com, 1234567890Roza#, konstantin, РІРѕР№РґРёС‚Рµ РІ Р»РёС‡РЅС‹Р№ РєР°Р±РёРЅРµС‚]
[ERROR] 2019-10-06 19:54:57.684 [main] BaseTest:32-Error occurs: no such element: Unable to locate element: {"method":"css selector","selector":"body > app-root > div > div:nth-child(2) > div.app-rz-header > header > div > div.header-topline > div.header-topline__user.js-rz-auth > div.header-dropdown.header-dropdown_type_attention.email-verification"}
  (Session info: chrome=77.0.3865.90)
For documentation on this error, please visit: https://www.seleniumhq.org/exceptions/no_such_element.html
Build info: version: '3.141.59', revision: 'e82be7d358', time: '2018-11-14T08:17:03'
System info: host: 'KOS-PC', ip: '192.168.153.1', os.name: 'Windows 7', os.arch: 'amd64', os.version: '6.1', java.version: '12.0.2'
Driver info: org.openqa.selenium.chrome.ChromeDriver
Capabilities {acceptInsecureCerts: false, browserName: chrome, browserVersion: 77.0.3865.90, chrome: {chromedriverVersion: 76.0.3809.126 (d80a294506b4..., userDataDir: C:\Users\KoS\AppData\Local\...}, goog:chromeOptions: {debuggerAddress: localhost:5665}, javascriptEnabled: true, networkConnectionEnabled: false, pageLoadStrategy: normal, platform: XP, platformName: XP, proxy: Proxy(), setWindowRect: true, strictFileInteractability: false, timeouts: {implicit: 0, pageLoad: 300000, script: 30000}, unhandledPromptBehavior: dismiss and notify}
Session ID: a134facd150642b7c2a06c757a2fba0a
*** Element info: {Using=css selector, value=body > app-root > div > div:nth-child(2) > div.app-rz-header > header > div > div.header-topline > div.header-topline__user.js-rz-auth > div.header-dropdown.header-dropdown_type_attention.email-verification}
[ERROR] 2019-10-06 19:54:58.300 [main] BaseTest:45-Error copying screenshot from 'C:\Users\KoS\AppData\Local\Temp\screenshot18062342345174863052.png' to 'C:\temp\screenshots\screen_1570380898275.png'. Details: java.io.FileNotFoundException: C:\temp\screenshots\screen_1570380898275.png (Системе не удается найти указанный путь)
]]></system-out>
    <system-err><![CDATA[SLF4J: Failed to load class "org.slf4j.impl.StaticLoggerBinder".
SLF4J: Defaulting to no-operation (NOP) logger implementation
SLF4J: See http://www.slf4j.org/codes.html#StaticLoggerBinder for further details.
Starting ChromeDriver 76.0.3809.126 (d80a294506b4c9d18015e755cee48f953ddc3f2f-refs/branch-heads/3809@{#1024}) on port 32794
Only local connections are allowed.
Please protect ports used by ChromeDriver and related test frameworks to prevent access by malicious code.
[1570380860.690][WARNING]: This version of ChromeDriver has not been tested with Chrome version 77.
окт. 06, 2019 7:54:21 PM org.openqa.selenium.remote.ProtocolHandshake createSession
INFO: Detected dialect: W3C
]]></system-err>
  </testcase>
</testsuite>